<?xml version="1.0" encoding="UTF-8"?>
<!-- Generated by org.testng.reporters.JUnitReportReporter -->
<testsuite hostname="DESKTOP-M4ESVU3" name="run.RunTest" tests="1" failures="0" timestamp="15 Dec 2020 12:52:36 GMT" time="17.679" errors="0">
  <testcase name="feature" time="17.679" classname="run.RunTest"/>
</testsuite> <!-- run.RunTest -->
